This file contains any messages produced by compilers while
running configure, to aid debugging if configure makes a mistake.

It was created by configure, which was
generated by GNU Autoconf 2.68.  Invocation command line was

  $ ./configure 

## --------- ##
## Platform. ##
## --------- ##

hostname = LAPTOP-PTI7B77J
uname -m = x86_64
uname -r = 2.10.0(0.325/5/3)
uname -s = MINGW64_NT-10.0
uname -v = 2018-07-25 13:06

/usr/bin/uname -p = unknown
/bin/uname -X     = unknown

/bin/arch              = x86_64
/usr/bin/arch -k       = unknown
/usr/convex/getsysinfo = unknown
/usr/bin/hostinfo      = unknown
/bin/machine           = unknown
/usr/bin/oslevel       = unknown
/bin/universe          = unknown

PATH: D
PATH: /Anaconda3\Scripts/condabin
PATH: /mingw64/bin
PATH: /usr/bin
PATH: /c/Users/81490/bin
PATH: /c/Program Files (x86)/Common Files/Oracle/Java/javapath
PATH: /d/Anaconda3
PATH: /d/Anaconda3/Library/mingw-w64/bin
PATH: /d/Anaconda3/Library/usr/bin
PATH: /d/Anaconda3/Library/bin
PATH: /d/Anaconda3/Scripts
PATH: /c/Program Files/NVIDIA GPU Computing Toolkit/CUDA/v9.0/bin
PATH: /c/Program Files/NVIDIA GPU Computing Toolkit/CUDA/v9.0/libnvvp
PATH: /c/Program Files/NVIDIA GPU Computing Toolkit/CUDA/v10.0/bin
PATH: /c/Program Files/NVIDIA GPU Computing Toolkit/CUDA/v10.0/libnvvp
PATH: /c/Program Files (x86)/Intel/iCLS Client
PATH: /c/Program Files/Intel/iCLS Client
PATH: /c/Windows/system32
PATH: /c/Windows
PATH: /c/Windows/System32/Wbem
PATH: /c/Windows/System32/WindowsPowerShell/v1.0
PATH: /c/Program Files (x86)/Intel/Intel(R) Management Engine Components/DAL
PATH: /c/Program Files/Intel/Intel(R) Management Engine Components/DAL
PATH: /c/Program Files (x86)/Intel/Intel(R) Management Engine Components/IPT
PATH: /c/Program Files/Intel/Intel(R) Management Engine Components/IPT
PATH: /e/MATLAB/R2016a/runtime/win64
PATH: /e/MATLAB/R2016a/bin
PATH: /e/MATLAB/R2016a/polyspace/bin
PATH: /c/Program Files/MySQL/MySQL Utilities 1.6
PATH: /c/WINDOWS/system32
PATH: /c/WINDOWS
PATH: /c/WINDOWS/System32/Wbem
PATH: /c/WINDOWS/System32/WindowsPowerShell/v1.0
PATH: /c/WINDOWS/System32/OpenSSH
PATH: /cmd
PATH: /c/Program Files/OpenSSH/bin
PATH: /c/Program Files/OpenAFS/Client/Program
PATH: /c/Program Files (x86)/OpenAFS/Client/Program
PATH: /c/Program Files/Heimdal/bin
PATH: /c/Program Files (x86)/NVIDIA Corporation/PhysX/Common
PATH: /c/Program Files/NVIDIA Corporation/NVIDIA NvDLISR
PATH: /c/WINDOWS/system32
PATH: /c/WINDOWS
PATH: /c/WINDOWS/System32/Wbem
PATH: /c/WINDOWS/System32/WindowsPowerShell/v1.0
PATH: /c/WINDOWS/System32/OpenSSH
PATH: /c/Program Files (x86)/Google/Cloud SDK/google-cloud-sdk/bin
PATH: /c/Users/81490/AppData/Roaming/Python/Python37/Scripts
PATH: .
PATH: ‪C
PATH: /Program Files/Java/jdk-12.0.1/bin
PATH: ‪C
PATH: /Program Files/Java/jdk-12.0.1/jre/bin"
PATH: /e/Git LFS
PATH: /c/Users/81490/AppData/Local/Microsoft/WindowsApps
PATH: /c/Program Files/NVIDIA Corporation/NVSMI
PATH: /c/Users/81490/AppData/Roaming/Python/Python37/Scripts
PATH: /e/Microsoft VS Code/bin


## ----------- ##
## Core tests. ##
## ----------- ##

configure:2549: checking for a BSD-compatible install
configure:2617: result: /usr/bin/install -c
configure:2628: checking whether build environment is sane
configure:2678: result: yes
configure:2819: checking for a thread-safe mkdir -p
configure:2858: result: /usr/bin/mkdir -p
configure:2871: checking for gawk
configure:2887: found /usr/bin/gawk
configure:2898: result: gawk
configure:2909: checking whether make sets $(MAKE)
configure:2935: result: no
configure:3060: checking for gcc
configure:3090: result: no
configure:3153: checking for cc
configure:3200: result: no
configure:3256: checking for cl.exe
configure:3286: result: no
configure:3310: error: in `/e/PycharmProjects/datagrand/CRF++-0.58':
configure:3312: error: no acceptable C compiler found in $PATH
See `config.log' for more details

## ---------------- ##
## Cache variables. ##
## ---------------- ##

ac_cv_env_CCC_set=
ac_cv_env_CCC_value=
ac_cv_env_CC_set=
ac_cv_env_CC_value=
ac_cv_env_CFLAGS_set=
ac_cv_env_CFLAGS_value=
ac_cv_env_CPPFLAGS_set=
ac_cv_env_CPPFLAGS_value=
ac_cv_env_CPP_set=
ac_cv_env_CPP_value=
ac_cv_env_CXXCPP_set=
ac_cv_env_CXXCPP_value=
ac_cv_env_CXXFLAGS_set=
ac_cv_env_CXXFLAGS_value=
ac_cv_env_CXX_set=
ac_cv_env_CXX_value=
ac_cv_env_LDFLAGS_set=
ac_cv_env_LDFLAGS_value=
ac_cv_env_LIBS_set=
ac_cv_env_LIBS_value=
ac_cv_env_build_alias_set=
ac_cv_env_build_alias_value=
ac_cv_env_host_alias_set=
ac_cv_env_host_alias_value=
ac_cv_env_target_alias_set=
ac_cv_env_target_alias_value=
ac_cv_path_install='/usr/bin/install -c'
ac_cv_path_mkdir=/usr/bin/mkdir
ac_cv_prog_AWK=gawk
ac_cv_prog_make_make_set=no

## ----------------- ##
## Output variables. ##
## ----------------- ##

ACLOCAL='${SHELL} /e/PycharmProjects/datagrand/CRF++-0.58/missing --run aclocal-1.11'
AMDEPBACKSLASH=''
AMDEP_FALSE=''
AMDEP_TRUE=''
AMTAR='$${TAR-tar}'
AR=''
AUTOCONF='${SHELL} /e/PycharmProjects/datagrand/CRF++-0.58/missing --run autoconf'
AUTOHEADER='${SHELL} /e/PycharmProjects/datagrand/CRF++-0.58/missing --run autoheader'
AUTOMAKE='${SHELL} /e/PycharmProjects/datagrand/CRF++-0.58/missing --run automake-1.11'
AWK='gawk'
CC=''
CCDEPMODE=''
CFLAGS=''
CPP=''
CPPFLAGS=''
CXX=''
CXXCPP=''
CXXDEPMODE=''
CXXFLAGS=''
CYGPATH_W='cygpath -w'
DEFS=''
DEPDIR=''
DLLTOOL=''
DSYMUTIL=''
DUMPBIN=''
ECHO_C=''
ECHO_N='-n'
ECHO_T=''
EGREP=''
EXEEXT=''
FGREP=''
GREP=''
INSTALL_DATA='${INSTALL} -m 644'
INSTALL_PROGRAM='${INSTALL}'
INSTALL_SCRIPT='${INSTALL}'
INSTALL_STRIP_PROGRAM='$(install_sh) -c -s'
LD=''
LDFLAGS=''
LIBOBJS=''
LIBS=''
LIBTOOL=''
LIPO=''
LN_S=''
LTLIBOBJS=''
MAKEINFO='${SHELL} /e/PycharmProjects/datagrand/CRF++-0.58/missing --run makeinfo'
MANIFEST_TOOL=''
MKDIR_P='/usr/bin/mkdir -p'
NM=''
NMEDIT=''
OBJDUMP=''
OBJEXT=''
OTOOL64=''
OTOOL=''
PACKAGE='CRF++'
PACKAGE_BUGREPORT=''
PACKAGE_NAME=''
PACKAGE_STRING=''
PACKAGE_TARNAME=''
PACKAGE_URL=''
PACKAGE_VERSION=''
PATH_SEPARATOR=':'
RANLIB=''
SED=''
SET_MAKE='MAKE=make'
SHELL='/bin/sh'
STRIP=''
VERSION='0.58'
ac_ct_AR=''
ac_ct_CC=''
ac_ct_CXX=''
ac_ct_DUMPBIN=''
am__EXEEXT_FALSE=''
am__EXEEXT_TRUE=''
am__fastdepCC_FALSE=''
am__fastdepCC_TRUE=''
am__fastdepCXX_FALSE=''
am__fastdepCXX_TRUE=''
am__include=''
am__isrc=''
am__leading_dot='.'
am__nodep=''
am__quote=''
am__tar='$${TAR-tar} chof - "$$tardir"'
am__untar='$${TAR-tar} xf -'
bindir='${exec_prefix}/bin'
build=''
build_alias=''
build_cpu=''
build_os=''
build_vendor=''
datadir='${datarootdir}'
datarootdir='${prefix}/share'
docdir='${datarootdir}/doc/${PACKAGE}'
dvidir='${docdir}'
exec_prefix='NONE'
host=''
host_alias=''
host_cpu=''
host_os=''
host_vendor=''
htmldir='${docdir}'
includedir='${prefix}/include'
infodir='${datarootdir}/info'
install_sh='${SHELL} /e/PycharmProjects/datagrand/CRF++-0.58/install-sh'
libdir='${exec_prefix}/lib'
libexecdir='${exec_prefix}/libexec'
localedir='${datarootdir}/locale'
localstatedir='${prefix}/var'
mandir='${datarootdir}/man'
mkdir_p='/usr/bin/mkdir -p'
oldincludedir='/usr/include'
pdfdir='${docdir}'
prefix='NONE'
program_transform_name='s,x,x,'
psdir='${docdir}'
sbindir='${exec_prefix}/sbin'
sharedstatedir='${prefix}/com'
sysconfdir='${prefix}/etc'
target_alias=''

## ----------- ##
## confdefs.h. ##
## ----------- ##

/* confdefs.h */
#define PACKAGE_NAME ""
#define PACKAGE_TARNAME ""
#define PACKAGE_VERSION ""
#define PACKAGE_STRING ""
#define PACKAGE_BUGREPORT ""
#define PACKAGE_URL ""
#define PACKAGE "CRF++"
#define VERSION "0.58"

configure: exit 1
